{"D:\\project\\Architecture Lab\\architecture-lab\\src\\utils\\formatPrice.ts": {"path":"D:\\project\\Architecture Lab\\architecture-lab\\src\\utils\\formatPrice.ts","statementMap":{"0":{"start":{"line":1,"column":27},"end":{"line":4,"column":1}},"1":{"start":{"line":3,"column":2},"end":{"line":3,"column":32}}},"fnMap":{"0":{"name":"(anonymous_0)","decl":{"start":{"line":1,"column":27},"end":{"line":1,"column":28}},"loc":{"start":{"line":1,"column":46},"end":{"line":4,"column":1}},"line":1}},"branchMap":{},"s":{"0":1,"1":2},"f":{"0":2},"b":{},"_coverageSchema":"1a1c01bbd47fc00a2c39e90264f33305004495a9","hash":"178e2a8db5d8ccd261604722c52e03ad164e74d4"}
}
